<?xml version="1.0" encoding="UTF-8"?>
<!-- Generated by org.testng.reporters.JUnitReportReporter -->
<testsuite hostname="DESKTOP-VKLR9V9" failures="0" tests="1" name="test.TestNG_Demo" time="2.710" errors="0" timestamp="2023-07-09T19:05:32 MMT" skipped="0">
  <testcase classname="test.TestNG_Demo" name="googleSearch" time="2.710"/>
</testsuite> <!-- test.TestNG_Demo -->
